SF:lib\features\address\data\models\address_model.dart
DA:8,19
DA:47,0
DA:49,0
LF:3
LH:1
end_of_record
SF:lib\features\address\data\models\address_model.g.dart
DA:9,0
DA:10,0
DA:11,0
DA:12,0
DA:13,0
DA:14,0
DA:15,0
DA:16,0
DA:17,0
DA:18,0
DA:21,0
DA:22,0
DA:23,0
DA:24,0
DA:25,0
DA:26,0
DA:27,0
DA:28,0
DA:29,0
DA:30,0
DA:31,0
LF:21
LH:0
end_of_record
SF:lib\features\address\data\repositories\address_repository_impl.dart
DA:8,1
DA:12,1
DA:14,2
LF:3
LH:3
end_of_record
SF:lib\features\address\domain\entities\address_entity.dart
DA:2,19
DA:14,0
LF:2
LH:1
end_of_record
SF:lib\features\bus\data\models\bus_model.dart
DA:13,1
DA:77,0
DA:79,0
DA:85,8
DA:87,0
DA:89,0
DA:92,0
DA:94,0
DA:95,0
DA:96,0
LF:10
LH:2
end_of_record
SF:lib\features\bus\data\models\bus_model.g.dart
DA:9,0
DA:10,0
DA:11,0
DA:12,0
DA:13,0
DA:14,0
DA:15,0
DA:16,0
DA:17,0
DA:18,0
DA:19,0
DA:21,0
DA:22,0
DA:23,0
DA:24,0
DA:26,0
DA:27,0
DA:28,0
DA:29,0
DA:31,0
DA:32,0
DA:33,0
DA:35,0
DA:38,0
DA:41,0
DA:42,0
DA:43,0
DA:44,0
DA:45,0
DA:46,0
DA:47,0
DA:48,0
DA:49,0
DA:50,0
DA:51,0
DA:52,0
DA:53,0
DA:54,0
DA:55,0
DA:56,0
LF:40
LH:0
end_of_record
SF:lib\features\bus\domain\entities\bus_entity.dart
DA:8,1
LF:1
LH:1
end_of_record
SF:lib\features\commons\models\amenity_model.dart
DA:9,0
DA:19,0
DA:21,0
LF:3
LH:0
end_of_record
SF:lib\features\commons\models\amenity_model.g.dart
DA:9,0
DA:10,0
DA:11,0
DA:14,0
DA:15,0
DA:16,0
DA:17,0
LF:7
LH:0
end_of_record
SF:lib\features\commons\models\route_model.dart
DA:9,0
DA:43,0
DA:45,0
LF:3
LH:0
end_of_record
SF:lib\features\commons\models\route_model.g.dart
DA:9,0
DA:10,0
DA:11,0
DA:12,0
DA:14,0
DA:15,0
DA:17,0
DA:18,0
DA:19,0
DA:20,0
DA:22,0
DA:23,0
DA:24,0
DA:25,0
DA:26,0
DA:29,0
DA:30,0
DA:31,0
DA:32,0
DA:33,0
DA:34,0
DA:35,0
DA:36,0
DA:37,0
DA:38,0
DA:39,0
DA:40,0
LF:27
LH:0
end_of_record
SF:lib\features\driver\data\models\driver_model.dart
DA:9,8
DA:37,0
DA:39,0
LF:3
LH:1
end_of_record
SF:lib\features\driver\data\models\driver_model.g.dart
DA:9,0
DA:10,0
DA:11,0
DA:12,0
DA:13,0
DA:14,0
DA:15,0
DA:16,0
DA:17,0
DA:19,0
DA:22,0
DA:23,0
DA:24,0
DA:25,0
DA:26,0
DA:27,0
DA:28,0
DA:29,0
DA:30,0
DA:31,0
LF:20
LH:0
end_of_record
SF:lib\features\seat\data\models\seat_model.dart
DA:8,0
DA:23,0
DA:25,0
LF:3
LH:0
end_of_record
SF:lib\features\seat\data\models\seat_model.g.dart
DA:9,0
DA:10,0
DA:11,0
DA:12,0
DA:15,0
DA:16,0
DA:17,0
DA:18,0
LF:8
LH:0
end_of_record
SF:lib\features\commons\entities\amenity_entity.dart
DA:2,0
LF:1
LH:0
end_of_record
SF:lib\features\commons\entities\route_entity.dart
DA:5,0
LF:1
LH:0
end_of_record
SF:lib\features\driver\domain\entities\driver_entity.dart
DA:4,8
LF:1
LH:1
end_of_record
SF:lib\features\seat\domain\entities\seat_entity.dart
DA:2,0
DA:8,0
LF:2
LH:0
end_of_record
SF:lib\features\reservation\data\models\reservation_model.dart
DA:9,3
DA:44,0
DA:46,0
LF:3
LH:1
end_of_record
SF:lib\features\reservation\data\models\reservation_model.g.dart
DA:9,0
DA:10,0
DA:11,0
DA:12,0
DA:13,0
DA:14,0
DA:15,0
DA:16,0
DA:17,0
DA:19,0
DA:20,0
DA:22,0
DA:25,0
DA:26,0
DA:27,0
DA:28,0
DA:29,0
DA:30,0
DA:31,0
DA:32,0
DA:33,0
DA:34,0
LF:22
LH:0
end_of_record
SF:lib\features\reservation\domain\entities\reservation_entity.dart
DA:4,3
LF:1
LH:1
end_of_record
SF:lib\features\reservation\data\repositories\reservation_repository_impl.dart
DA:9,1
DA:13,1
DA:15,2
DA:18,1
DA:20,2
LF:5
LH:5
end_of_record
SF:lib\features\bus\data\repositories\bus_repository_impl.dart
DA:9,1
DA:13,1
DA:18,2
LF:3
LH:3
end_of_record
SF:lib\features\search\data\models\search_model.dart
DA:9,1
DA:28,0
LF:2
LH:1
end_of_record
SF:lib\features\search\data\models\search_model.g.dart
DA:9,0
DA:10,0
DA:12,0
DA:13,0
DA:14,0
DA:16,0
DA:17,0
DA:18,0
DA:19,0
LF:9
LH:0
end_of_record
SF:lib\features\search\domain\entities\search_entity.dart
DA:4,1
LF:1
LH:1
end_of_record
SF:lib\features\notification\data\models\notification_model.dart
DA:8,1
DA:35,0
LF:2
LH:1
end_of_record
SF:lib\features\notification\data\models\notification_model.g.dart
DA:9,0
DA:10,0
DA:11,0
DA:12,0
DA:13,0
DA:14,0
DA:15,0
DA:16,0
LF:8
LH:0
end_of_record
SF:lib\features\notification\data\repositories\notification_repository_impl.dart
DA:8,1
DA:12,1
DA:14,2
LF:3
LH:3
end_of_record
SF:lib\features\notification\domain\entities\notification_entity.dart
DA:2,1
LF:1
LH:1
end_of_record
SF:lib\features\payment\data\repositories\payment_repository_impl.dart
DA:10,1
DA:14,1
DA:19,2
LF:3
LH:3
end_of_record
SF:lib\features\payment_method\data\models\payment_method_model.dart
DA:8,1
DA:51,0
DA:53,0
LF:3
LH:1
end_of_record
SF:lib\features\payment_method\data\models\payment_method_model.g.dart
DA:9,0
DA:10,0
DA:11,0
DA:12,0
DA:13,0
DA:14,0
DA:15,0
DA:16,0
DA:17,0
DA:18,0
DA:19,0
DA:20,0
DA:23,0
DA:24,0
DA:25,0
DA:26,0
DA:27,0
DA:28,0
DA:29,0
DA:30,0
DA:31,0
DA:32,0
DA:33,0
DA:34,0
LF:24
LH:0
end_of_record
SF:lib\features\payment_method\domain\entities\payment_method_entity.dart
DA:2,1
LF:1
LH:1
end_of_record
